<?xml version="1.0" encoding="UTF-8"?>
<!-- Generated by org.testng.reporters.JUnitReportReporter -->
<testsuite hostname="Rahuls-Air.lan" failures="0" tests="3" name="rahulshettyacademy.tests.SubmitOrderTest" time="34.571" errors="0" timestamp="2025-06-26T13:50:54 IST" skipped="0">
  <testcase classname="rahulshettyacademy.tests.SubmitOrderTest" name="submitOrder" time="13.488"/>
  <testcase classname="rahulshettyacademy.tests.SubmitOrderTest" name="submitOrder" time="15.756"/>
  <testcase classname="rahulshettyacademy.tests.SubmitOrderTest" name="OrderHistoryTest" time="5.327"/>
</testsuite> <!-- rahulshettyacademy.tests.SubmitOrderTest -->
