<?xml version="1.0" encoding="UTF-8"?>
<!-- Generated by org.testng.reporters.JUnitReportReporter -->
<testsuite hostname="Rahuls-Air.lan" failures="0" tests="2" name="rahulshettyacademy.tests.ErrorValidationsTest" time="18.987" errors="0" timestamp="2025-06-26T13:50:54 IST" skipped="0">
  <testcase classname="rahulshettyacademy.tests.ErrorValidationsTest" name="ProductErrorValidation" time="13.530"/>
  <testcase classname="rahulshettyacademy.tests.ErrorValidationsTest" name="LoginErrorValidation" time="5.457"/>
</testsuite> <!-- rahulshettyacademy.tests.ErrorValidationsTest -->
