<?xml version="1.0" encoding="UTF-8"?>
<!-- Generated by org.testng.reporters.JUnitReportReporter -->
<testsuite hostname="Rahuls-Air.lan" failures="0" tests="1" name="cucumber.TestNGTestRunner" time="5.694" errors="0" timestamp="2025-07-07T11:11:11 IST" skipped="0">
  <testcase classname="cucumber.TestNGTestRunner" name="runScenario" time="5.694"/>
</testsuite> <!-- cucumber.TestNGTestRunner -->
